This is cutadapt 5.0 with Python 3.11.9
Command line parameters: -g CTGTCTCTTATACACCGACAATCTCCAAGACATTAGGTG...GGCACAATCCTATTCCGCGCTATCGTGTATAAGAGACAG -e 0.1 -m 100 --info-file=output/inserts/YCZ4B8_15_m.S.00223.fastq.info -o output/inserts/YCZ4B8_15_m.S.00223.fastq output/raw/YCZ4B8_15_m.S.00223.fastq
Processing single-end reads on 1 core ...

=== Summary ===

Total reads processed:                      11
Reads with adapters:                         3 (27.3%)

== Read fate breakdown ==
Reads that were too short:                   0 (0.0%)
Reads written (passing filters):            11 (100.0%)

Total basepairs processed:        48,034 bp
Total written (filtered):         41,638 bp (86.7%)

=== Adapter 1 ===

Sequence: CTGTCTCTTATACACCGACAATCTCCAAGACATTAGGTG...GGCACAATCCTATTCCGCGCTATCGTGTATAAGAGACAG; Type: linked; Length: 39+39; 5' trimmed: 3 times; 3' trimmed: 3 times

Minimum overlap: 3+3
No. of allowed errors:
1-9 bp: 0; 10-19 bp: 1; 20-29 bp: 2; 30-39 bp: 3

No. of allowed errors:
1-9 bp: 0; 10-19 bp: 1; 20-29 bp: 2; 30-39 bp: 3

Overview of removed sequences at 5' end
length	count	expect	max.err	error counts
99	1	0.0	3	1
433	1	0.0	3	1
1983	1	0.0	3	0 0 0 1



Overview of removed sequences at 3' end
length	count	expect	max.err	error counts
147	1	0.0	3	0 1
1692	1	0.0	3	1
2042	1	0.0	3	1
