This is cutadapt 5.0 with Python 3.11.9
Command line parameters: -g CTGTCTCTTATACACCGACAATCTCCAAGACATTAGGTG...GGCACAATCCTATTCCGCGCTATCGTGTATAAGAGACAG -e 0.1 -m 100 --info-file=output/inserts/YCZ4B8_17_m.S.00231.fastq.info -o output/inserts/YCZ4B8_17_m.S.00231.fastq output/raw/YCZ4B8_17_m.S.00231.fastq
Processing single-end reads on 1 core ...

=== Summary ===

Total reads processed:                      42
Reads with adapters:                         9 (21.4%)

== Read fate breakdown ==
Reads that were too short:                   0 (0.0%)
Reads written (passing filters):            42 (100.0%)

Total basepairs processed:       211,853 bp
Total written (filtered):        191,956 bp (90.6%)

=== Adapter 1 ===

Sequence: CTGTCTCTTATACACCGACAATCTCCAAGACATTAGGTG...GGCACAATCCTATTCCGCGCTATCGTGTATAAGAGACAG; Type: linked; Length: 39+39; 5' trimmed: 9 times; 3' trimmed: 9 times

Minimum overlap: 3+3
No. of allowed errors:
1-9 bp: 0; 10-19 bp: 1; 20-29 bp: 2; 30-39 bp: 3

No. of allowed errors:
1-9 bp: 0; 10-19 bp: 1; 20-29 bp: 2; 30-39 bp: 3

Overview of removed sequences at 5' end
length	count	expect	max.err	error counts
567	1	0.0	3	0 1
708	1	0.0	3	1
723	1	0.0	3	1
760	1	0.0	3	0 1
877	1	0.0	3	1
954	1	0.0	3	1
1173	1	0.0	3	0 0 1
1936	1	0.0	3	1
3620	1	0.0	3	1



Overview of removed sequences at 3' end
length	count	expect	max.err	error counts
3	2	0.7	0	2
218	1	0.0	3	1
993	1	0.0	3	0 1
1211	1	0.0	3	1
1412	1	0.0	3	1
1434	1	0.0	3	1
1566	1	0.0	3	0 1
1739	1	0.0	3	0 0 1
