This is cutadapt 5.0 with Python 3.11.9
Command line parameters: -g CTGTCTCTTATACACCGACAATCTCCAAGACATTAGGTG...GGCACAATCCTATTCCGCGCTATCGTGTATAAGAGACAG -e 0.1 -m 100 --info-file=output/inserts/YCZ4B8_14_m.S.00219.fastq.info -o output/inserts/YCZ4B8_14_m.S.00219.fastq output/raw/YCZ4B8_14_m.S.00219.fastq
Processing single-end reads on 1 core ...

=== Summary ===

Total reads processed:                      13
Reads with adapters:                         2 (15.4%)

== Read fate breakdown ==
Reads that were too short:                   0 (0.0%)
Reads written (passing filters):            13 (100.0%)

Total basepairs processed:        60,147 bp
Total written (filtered):         55,181 bp (91.7%)

=== Adapter 1 ===

Sequence: CTGTCTCTTATACACCGACAATCTCCAAGACATTAGGTG...GGCACAATCCTATTCCGCGCTATCGTGTATAAGAGACAG; Type: linked; Length: 39+39; 5' trimmed: 2 times; 3' trimmed: 2 times

Minimum overlap: 3+3
No. of allowed errors:
1-9 bp: 0; 10-19 bp: 1; 20-29 bp: 2; 30-39 bp: 3

No. of allowed errors:
1-9 bp: 0; 10-19 bp: 1; 20-29 bp: 2; 30-39 bp: 3

Overview of removed sequences at 5' end
length	count	expect	max.err	error counts
1071	1	0.0	3	0 0 0 1
1438	1	0.0	3	1



Overview of removed sequences at 3' end
length	count	expect	max.err	error counts
1071	1	0.0	3	1
1386	1	0.0	3	1
